info: Function.MyHttpTrigger[1]
      Executing 'Functions.MyHttpTrigger' (Reason='This function was programmatically called via the host APIs.', Id=3004869b-4873-4a54-ae01-cb41f5855f78)
info: Function.MyHttpTrigger.User[0]
      C# HTTP trigger function processed a request.
info: Function.MyHttpTrigger.User[0]
      A cancellation token was received. Taking precautionary actions.
fail: Function.MyHttpTrigger.User[0]
      Function 'MyHttpTrigger', Invocation id '3004869b-4873-4a54-ae01-cb41f5855f78': An exception was thrown by the invocation.
      Microsoft.Azure.WebJobs.Script.Workers.Rpc.RpcException: Result: Function 'MyHttpTrigger', Invocation id '3004869b-4873-4a54-ae01-cb41f5855f78': An exception was thrown by the invocation.
      Exception: System.ObjectDisposedException: Request has finished and HttpContext disposed.
      Object name: 'HttpContext'.
         at Microsoft.AspNetCore.Http.DefaultHttpContext.ThrowContextDisposed()
         at Microsoft.AspNetCore.Http.DefaultHttpContext.get_Features()
         at Microsoft.AspNetCore.Routing.RoutingHttpContextExtensions.GetRouteData(HttpContext httpContext)
         at Microsoft.Azure.Functions.Worker.Extensions.Http.AspNetCore.FunctionsHttpProxyingMiddleware.TryHandleHttpResult(Object result, FunctionContext context, HttpContext httpContext, Boolean isInvocationResult) in D:\a\_work\1\s\extensions\Worker.Extensions.Http.AspNetCore\src\FunctionsMiddleware\FunctionsHttpProxyingMiddleware.cs:line 77
         at Microsoft.Azure.Functions.Worker.Extensions.Http.AspNetCore.FunctionsHttpProxyingMiddleware.Invoke(FunctionContext context, FunctionExecutionDelegate next) in D:\a\_work\1\s\extensions\Worker.Extensions.Http.AspNetCore\src\FunctionsMiddleware\FunctionsHttpProxyingMiddleware.cs:line 56
         at Microsoft.Azure.Functions.Worker.FunctionsApplication.InvokeFunctionAsync(FunctionContext context) in D:\a\_work\1\s\src\DotNetWorker.Core\FunctionsApplication.cs:line 96
      Stack:    at Microsoft.AspNetCore.Http.DefaultHttpContext.ThrowContextDisposed()
         at Microsoft.AspNetCore.Http.DefaultHttpContext.get_Features()
         at Microsoft.AspNetCore.Routing.RoutingHttpContextExtensions.GetRouteData(HttpContext httpContext)
         at Microsoft.Azure.Functions.Worker.Extensions.Http.AspNetCore.FunctionsHttpProxyingMiddleware.TryHandleHttpResult(Object result, FunctionContext context, HttpContext httpContext, Boolean isInvocationResult) in D:\a\_work\1\s\extensions\Worker.Extensions.Http.AspNetCore\src\FunctionsMiddleware\FunctionsHttpProxyingMiddleware.cs:line 77
         at Microsoft.Azure.Functions.Worker.Extensions.Http.AspNetCore.FunctionsHttpProxyingMiddleware.Invoke(FunctionContext context, FunctionExecutionDelegate next) in D:\a\_work\1\s\extensions\Worker.Extensions.Http.AspNetCore\src\FunctionsMiddleware\FunctionsHttpProxyingMiddleware.cs:line 56
         at Microsoft.Azure.Functions.Worker.FunctionsApplication.InvokeFunctionAsync(FunctionContext context) in D:\a\_work\1\s\src\DotNetWorker.Core\FunctionsApplication.cs:line 96
3
Exception thrown: 'Microsoft.Azure.WebJobs.Script.Workers.Rpc.RpcException' in System.Private.CoreLib.dll
fail: Function.MyHttpTrigger[3]
      Executed 'Functions.MyHttpTrigger' (Failed, Id=3004869b-4873-4a54-ae01-cb41f5855f78, Duration=15606ms)
      Microsoft.Azure.WebJobs.Host.FunctionInvocationException: Exception while executing function: Functions.MyHttpTrigger
       ---> Microsoft.Azure.WebJobs.Script.Workers.Rpc.RpcException: Result: Failure
      Exception: Request has finished and HttpContext disposed.
      Object name: 'HttpContext'.
      Stack:    at Microsoft.AspNetCore.Http.DefaultHttpContext.ThrowContextDisposed()
         at Microsoft.AspNetCore.Http.DefaultHttpContext.get_Features()
         at Microsoft.AspNetCore.Routing.RoutingHttpContextExtensions.GetRouteData(HttpContext httpContext)
         at Microsoft.Azure.Functions.Worker.Extensions.Http.AspNetCore.FunctionsHttpProxyingMiddleware.TryHandleHttpResult(Object result, FunctionContext context, HttpContext httpContext, Boolean isInvocationResult) in D:\a\_work\1\s\extensions\Worker.Extensions.Http.AspNetCore\src\FunctionsMiddleware\FunctionsHttpProxyingMiddleware.cs:line 77
         at Microsoft.Azure.Functions.Worker.Extensions.Http.AspNetCore.FunctionsHttpProxyingMiddleware.Invoke(FunctionContext context, FunctionExecutionDelegate next) in D:\a\_work\1\s\extensions\Worker.Extensions.Http.AspNetCore\src\FunctionsMiddleware\FunctionsHttpProxyingMiddleware.cs:line 56
         at Microsoft.Azure.Functions.Worker.FunctionsApplication.InvokeFunctionAsync(FunctionContext context) in D:\a\_work\1\s\src\DotNetWorker.Core\FunctionsApplication.cs:line 96
         at Microsoft.Azure.Functions.Worker.Handlers.InvocationHandler.InvokeAsync(InvocationRequest request) in D:\a\_work\1\s\src\DotNetWorker.Grpc\Handlers\InvocationHandler.cs:line 89
         at Microsoft.Azure.WebJobs.Script.Description.WorkerFunctionInvoker.InvokeCore(Object[] parameters, FunctionInvocationContext context) in /Users/likasem/source/functions/azure-functions-host/src/WebJobs.Script/Description/Workers/WorkerFunctionInvoker.cs:line 101
         at Microsoft.Azure.WebJobs.Script.Description.FunctionInvokerBase.Invoke(Object[] parameters) in /Users/likasem/source/functions/azure-functions-host/src/WebJobs.Script/Description/FunctionInvokerBase.cs:line 82
         at Microsoft.Azure.WebJobs.Script.Description.FunctionGenerator.Coerce[T](Task`1 src) in /Users/likasem/source/functions/azure-functions-host/src/WebJobs.Script/Description/FunctionGenerator.cs:line 225
         at Microsoft.Azure.WebJobs.Host.Executors.FunctionInvoker`2.InvokeAsync(Object instance, Object[] arguments)
         at Microsoft.Azure.WebJobs.Host.Executors.FunctionExecutor.InvokeWithTimeoutAsync(IFunctionInvoker invoker, ParameterHelper parameterHelper, CancellationTokenSource timeoutTokenSource, CancellationTokenSource functionCancellationTokenSource, Boolean throwOnTimeout, TimeSpan timerInterval, IFunctionInstance instance) in D:\a\_work\1\s\src\Microsoft.Azure.WebJobs.Host\Executors\FunctionExecutor.cs:line 581
         at Microsoft.Azure.WebJobs.Host.Executors.FunctionExecutor.ExecuteWithWatchersAsync(IFunctionInstanceEx instance, ParameterHelper parameterHelper, ILogger logger, CancellationTokenSource functionCancellationTokenSource) in D:\a\_work\1\s\src\Microsoft.Azure.WebJobs.Host\Executors\FunctionExecutor.cs:line 527
         at Microsoft.Azure.WebJobs.Host.Executors.FunctionExecutor.ExecuteWithLoggingAsync(IFunctionInstanceEx instance, FunctionStartedMessage message, FunctionInstanceLogEntry instanceLogEntry, ParameterHelper parameterHelper, ILogger logger, CancellationToken cancellationToken) in D:\a\_work\1\s\src\Microsoft.Azure.WebJobs.Host\Executors\FunctionExecutor.cs:line 306
         --- End of inner exception stack trace ---
         at Microsoft.Azure.WebJobs.Host.Executors.FunctionExecutor.ExecuteWithLoggingAsync(IFunctionInstanceEx instance, FunctionStartedMessage message, FunctionInstanceLogEntry instanceLogEntry, ParameterHelper parameterHelper, ILogger logger, CancellationToken cancellationToken) in D:\a\_work\1\s\src\Microsoft.Azure.WebJobs.Host\Executors\FunctionExecutor.cs:line 352
         at Microsoft.Azure.WebJobs.Host.Executors.FunctionExecutor.TryExecuteAsync(IFunctionInstance functionInstance, CancellationToken cancellationToken) in D:\a\_work\1\s\src\Microsoft.Azure.WebJobs.Host\Executors\FunctionExecutor.cs:line 108
fail: Host.Results[0]
      Microsoft.Azure.WebJobs.Host.FunctionInvocationException: Exception while executing function: Functions.MyHttpTrigger
       ---> Microsoft.Azure.WebJobs.Script.Workers.Rpc.RpcException: Result: Failure
      Exception: Request has finished and HttpContext disposed.
      Object name: 'HttpContext'.
      Stack:    at Microsoft.AspNetCore.Http.DefaultHttpContext.ThrowContextDisposed()
         at Microsoft.AspNetCore.Http.DefaultHttpContext.get_Features()
         at Microsoft.AspNetCore.Routing.RoutingHttpContextExtensions.GetRouteData(HttpContext httpContext)
         at Microsoft.Azure.Functions.Worker.Extensions.Http.AspNetCore.FunctionsHttpProxyingMiddleware.TryHandleHttpResult(Object result, FunctionContext context, HttpContext httpContext, Boolean isInvocationResult) in D:\a\_work\1\s\extensions\Worker.Extensions.Http.AspNetCore\src\FunctionsMiddleware\FunctionsHttpProxyingMiddleware.cs:line 77
         at Microsoft.Azure.Functions.Worker.Extensions.Http.AspNetCore.FunctionsHttpProxyingMiddleware.Invoke(FunctionContext context, FunctionExecutionDelegate next) in D:\a\_work\1\s\extensions\Worker.Extensions.Http.AspNetCore\src\FunctionsMiddleware\FunctionsHttpProxyingMiddleware.cs:line 56
         at Microsoft.Azure.Functions.Worker.FunctionsApplication.InvokeFunctionAsync(FunctionContext context) in D:\a\_work\1\s\src\DotNetWorker.Core\FunctionsApplication.cs:line 96
         at Microsoft.Azure.Functions.Worker.Handlers.InvocationHandler.InvokeAsync(InvocationRequest request) in D:\a\_work\1\s\src\DotNetWorker.Grpc\Handlers\InvocationHandler.cs:line 89
         at Microsoft.Azure.WebJobs.Script.Description.WorkerFunctionInvoker.InvokeCore(Object[] parameters, FunctionInvocationContext context) in /Users/likasem/source/functions/azure-functions-host/src/WebJobs.Script/Description/Workers/WorkerFunctionInvoker.cs:line 101
         at Microsoft.Azure.WebJobs.Script.Description.FunctionInvokerBase.Invoke(Object[] parameters) in /Users/likasem/source/functions/azure-functions-host/src/WebJobs.Script/Description/FunctionInvokerBase.cs:line 82
         at Microsoft.Azure.WebJobs.Script.Description.FunctionGenerator.Coerce[T](Task`1 src) in /Users/likasem/source/functions/azure-functions-host/src/WebJobs.Script/Description/FunctionGenerator.cs:line 225
         at Microsoft.Azure.WebJobs.Host.Executors.FunctionInvoker`2.InvokeAsync(Object instance, Object[] arguments)
         at Microsoft.Azure.WebJobs.Host.Executors.FunctionExecutor.InvokeWithTimeoutAsync(IFunctionInvoker invoker, ParameterHelper parameterHelper, CancellationTokenSource timeoutTokenSource, CancellationTokenSource functionCancellationTokenSource, Boolean throwOnTimeout, TimeSpan timerInterval, IFunctionInstance instance) in D:\a\_work\1\s\src\Microsoft.Azure.WebJobs.Host\Executors\FunctionExecutor.cs:line 581
         at Microsoft.Azure.WebJobs.Host.Executors.FunctionExecutor.ExecuteWithWatchersAsync(IFunctionInstanceEx instance, ParameterHelper parameterHelper, ILogger logger, CancellationTokenSource functionCancellationTokenSource) in D:\a\_work\1\s\src\Microsoft.Azure.WebJobs.Host\Executors\FunctionExecutor.cs:line 527
         at Microsoft.Azure.WebJobs.Host.Executors.FunctionExecutor.ExecuteWithLoggingAsync(IFunctionInstanceEx instance, FunctionStartedMessage message, FunctionInstanceLogEntry instanceLogEntry, ParameterHelper parameterHelper, ILogger logger, CancellationToken cancellationToken) in D:\a\_work\1\s\src\Microsoft.Azure.WebJobs.Host\Executors\FunctionExecutor.cs:line 306
         --- End of inner exception stack trace ---
         at Microsoft.Azure.WebJobs.Host.Executors.FunctionExecutor.ExecuteWithLoggingAsync(IFunctionInstanceEx instance, FunctionStartedMessage message, FunctionInstanceLogEntry instanceLogEntry, ParameterHelper parameterHelper, ILogger logger, CancellationToken cancellationToken) in D:\a\_work\1\s\src\Microsoft.Azure.WebJobs.Host\Executors\FunctionExecutor.cs:line 352
         at Microsoft.Azure.WebJobs.Host.Executors.FunctionExecutor.TryExecuteAsync(IFunctionInstance functionInstance, CancellationToken cancellationToken) in D:\a\_work\1\s\src\Microsoft.Azure.WebJobs.Host\Executors\FunctionExecutor.cs:line 108
4
Exception thrown: 'Microsoft.Azure.WebJobs.Host.FunctionInvocationException' in System.Private.CoreLib.dll
